<?xml version="1.0" encoding="UTF-8"?>
<!-- Generated by org.testng.reporters.JUnitXMLReporter -->
<testsuite ignored="0" hostname="LT935-Ranjithas" failures="0" tests="2" name="Surefire test" time="0.032" errors="0" timestamp="2024-11-03T22:24:22 IST">
  <testcase classname="testBase.BaseClass" name="@BeforeClass setup" time="-1.730652862945E9">
    <failure type="org.testng.TestNGException" message="
Parameter &amp;apos;os&amp;apos; is required by BeforeClass on method setup but has not been marked @Optional or defined
">
      <![CDATA[org.testng.TestNGException: 
Parameter 'os' is required by BeforeClass on method setup but has not been marked @Optional or defined

at java.base/java.util.ArrayList.forEach(ArrayList.java:1596)
... Removed 27 stack frames]]>
    </failure>
  </testcase> <!-- @BeforeClass setup -->
  <testcase classname="testCase.TC002_SearchTestCase" name="@BeforeClass intializePage2" time="0.0">
    <skipped/>
  </testcase> <!-- @BeforeClass intializePage2 -->
  <testcase classname="testBase.BaseClass" name="@AfterClass tearDown" time="0.0">
    <skipped/>
  </testcase> <!-- @AfterClass tearDown -->
  <testcase classname="testBase.BaseClass" name="@BeforeClass setup" time="-1.730652862963E9">
    <failure type="org.testng.TestNGException" message="
Parameter &amp;apos;os&amp;apos; is required by BeforeClass on method setup but has not been marked @Optional or defined
">
      <![CDATA[org.testng.TestNGException: 
Parameter 'os' is required by BeforeClass on method setup but has not been marked @Optional or defined

at java.base/java.util.ArrayList.forEach(ArrayList.java:1596)
... Removed 27 stack frames]]>
    </failure>
  </testcase> <!-- @BeforeClass setup -->
  <testcase classname="testCase.TC003_ShppingAddressTestCase" name="@BeforeClass intializePage3" time="0.0">
    <skipped/>
  </testcase> <!-- @BeforeClass intializePage3 -->
  <testcase classname="testBase.BaseClass" name="@AfterClass tearDown" time="0.0">
    <skipped/>
  </testcase> <!-- @AfterClass tearDown -->
  <testcase classname="testCase.TC002_SearchTestCase" name="searchValidation1" time="0.0">
    <skipped/>
  </testcase> <!-- searchValidation1 -->
  <testcase classname="testCase.TC003_ShppingAddressTestCase" name="shippingValidation1" time="0.0">
    <skipped/>
  </testcase> <!-- shippingValidation1 -->
</testsuite> <!-- Surefire test -->
